Build started 03.01.2017 20:54:34.
     1>Project "G:\CDEF_2013\CF\F_GNAGNA\Stuff\Studium\Master\WS_2016\Masterarbeit\cell_quantifier\cell_quantifier\cell_quantifier\cell_quantifier.vcxproj" on node 2 (Build target(s)).
     1>ClCompile:
         G:\CDEF_2013\CF\F_GNAGNA\Programme\Microsoft_Visual_Studio_13.0_Pro\VC\bin\x86_amd64\CL.exe /c /IG:\CDEF_2013\CF\F_GNAGNA\Programme\openCV\build\include /IG:\CDEF_2013\CF\F_GNAGNA\Programme\Caffe\caffe\include /IG:\CDEF_2013\CF\F_GNAGNA\Programme\Caffe\caffe\libraries\include /IG:\CDEF_2013\CF\F_GNAGNA\Programme\CUDA\Toolkit\include /Zi /nologo /W3 /WX- /sdl /Od /D WIN32_LEAN_AND_MEAN /D NO_STRICT /D NOMINMAX /D _MBCS /Gm /EHsc /RTC1 /MDd /GS /fp:precise /Zc:wchar_t /Zc:forScope /Fo"x64\Debug\\" /Fd"x64\Debug\vc120.pdb" /Gd /TP /errorReport:prompt elasticDeformation.cpp extractSamples.cpp interpolation.cpp graphCut.cpp ipanPoint.cpp ipanTriangle.cpp auxiliary.cpp Kmeans.cpp main.cpp SegmentationTest.cpp GMM.cpp Otsu.cpp edge.cpp activeContour.cpp unet.cpp
         unet.cpp
     1>G:\CDEF_2013\CF\F_GNAGNA\Programme\Caffe\caffe\libraries\include\google/protobuf/message_lite.h(247): warning C4267: 'return' : conversion from 'size_t' to 'int', possible loss of data
     1>G:\CDEF_2013\CF\F_GNAGNA\Programme\Caffe\caffe\include\caffe/util/io.hpp(53): warning C4244: 'argument' : conversion from 'uint64_t' to 'int', possible loss of data
         activeContour.cpp
         edge.cpp
         Otsu.cpp
         GMM.cpp
         SegmentationTest.cpp
         main.cpp
     1>G:\CDEF_2013\CF\F_GNAGNA\Programme\Caffe\caffe\libraries\include\google/protobuf/message_lite.h(247): warning C4267: 'return' : conversion from 'size_t' to 'int', possible loss of data
     1>G:\CDEF_2013\CF\F_GNAGNA\Programme\Caffe\caffe\include\caffe/util/io.hpp(53): warning C4244: 'argument' : conversion from 'uint64_t' to 'int', possible loss of data
     1>main.cpp(122): error C2065: 'images' : undeclared identifier
     1>main.cpp(122): error C2065: 'labels' : undeclared identifier
     1>main.cpp(125): error C2065: 'images' : undeclared identifier
     1>main.cpp(125): error C3861: 'segmentImage': identifier not found
         Kmeans.cpp
     1>Kmeans.cpp(27): warning C4244: 'argument' : conversion from 'double' to 'int', possible loss of data
         auxiliary.cpp
     1>auxiliary.cpp(393): warning C4800: 'BOOL' : forcing value to bool 'true' or 'false' (performance warning)
         ipanTriangle.cpp
         ipanPoint.cpp
         graphCut.cpp
         interpolation.cpp
     1>interpolation.cpp(28): warning C4244: 'argument' : conversion from 'double' to 'int', possible loss of data
     1>interpolation.cpp(48): warning C4244: 'argument' : conversion from 'double' to 'int', possible loss of data
     1>interpolation.cpp(49): warning C4244: 'argument' : conversion from 'double' to 'int', possible loss of data
     1>interpolation.cpp(50): warning C4244: 'argument' : conversion from 'double' to 'int', possible loss of data
     1>g:\cdef_2013\cf\f_gnagna\stuff\studium\master\ws_2016\masterarbeit\cell_quantifier\cell_quantifier\cell_quantifier\ElasticDeformation.hpp(25): warning C4244: 'argument' : conversion from 'double' to 'int', possible loss of data
                 interpolation.cpp(28) : see reference to function template instantiation 'T readSafe<cv::Vec3d>(cv::Mat *,int,int,int)' being compiled
                 with
                 [
                     T=cv::Vec3d
                 ]
     1>g:\cdef_2013\cf\f_gnagna\stuff\studium\master\ws_2016\masterarbeit\cell_quantifier\cell_quantifier\cell_quantifier\ElasticDeformation.hpp(47): warning C4244: 'argument' : conversion from 'double' to 'int', possible loss of data
         extractSamples.cpp
     1>extractSamples.cpp(87): warning C4267: 'return' : conversion from 'size_t' to 'int', possible loss of data
         elasticDeformation.cpp
     1>elasticDeformation.cpp(246): warning C4244: 'argument' : conversion from 'double' to 'int', possible loss of data
     1>elasticDeformation.cpp(247): warning C4244: 'argument' : conversion from 'double' to 'int', possible loss of data
     1>elasticDeformation.cpp(297): warning C4244: 'argument' : conversion from 'double' to 'int', possible loss of data
     1>elasticDeformation.cpp(298): warning C4244: 'argument' : conversion from 'double' to 'int', possible loss of data
     1>elasticDeformation.cpp(299): warning C4244: 'argument' : conversion from 'double' to 'int', possible loss of data
     1>elasticDeformation.cpp(300): warning C4244: 'argument' : conversion from 'double' to 'int', possible loss of data
     1>elasticDeformation.cpp(305): warning C4244: 'argument' : conversion from 'double' to 'int', possible loss of data
     1>elasticDeformation.cpp(310): warning C4244: 'argument' : conversion from 'double' to 'int', possible loss of data
     1>g:\cdef_2013\cf\f_gnagna\stuff\studium\master\ws_2016\masterarbeit\cell_quantifier\cell_quantifier\cell_quantifier\elasticDeformation.hpp(25): warning C4244: 'argument' : conversion from 'double' to 'int', possible loss of data
                 elasticDeformation.cpp(246) : see reference to function template instantiation 'T readSafe<cv::Vec3d>(cv::Mat *,int,int,int)' being compiled
                 with
                 [
                     T=cv::Vec3d
                 ]
     1>g:\cdef_2013\cf\f_gnagna\stuff\studium\master\ws_2016\masterarbeit\cell_quantifier\cell_quantifier\cell_quantifier\elasticDeformation.hpp(47): warning C4244: 'argument' : conversion from 'double' to 'int', possible loss of data
     1>g:\cdef_2013\cf\f_gnagna\stuff\studium\master\ws_2016\masterarbeit\cell_quantifier\cell_quantifier\cell_quantifier\elasticDeformation.hpp(67): warning C4244: 'argument' : conversion from 'double' to 'int', possible loss of data
                 elasticDeformation.cpp(305) : see reference to function template instantiation 'int writeSafe<cv::Vec3d>(cv::Mat *,int,int,T,int)' being compiled
                 with
                 [
                     T=cv::Vec3d
                 ]
     1>g:\cdef_2013\cf\f_gnagna\stuff\studium\master\ws_2016\masterarbeit\cell_quantifier\cell_quantifier\cell_quantifier\elasticDeformation.hpp(79): warning C4244: 'argument' : conversion from 'double' to 'int', possible loss of data
         Generating Code...
     1>Done Building Project "G:\CDEF_2013\CF\F_GNAGNA\Stuff\Studium\Master\WS_2016\Masterarbeit\cell_quantifier\cell_quantifier\cell_quantifier\cell_quantifier.vcxproj" (Build target(s)) -- FAILED.

Build FAILED.

Time Elapsed 00:00:15.88
